Log file open, 11/28/20 11:26:55
LogInit: Display: Running engine for game: NewHorroGame
LogPlatformFile: Not using cached read wrapper
LogTaskGraph: Started task graph with 5 named threads and 35 total threads with 3 sets of task threads.
LogStats: Stats thread started at 0.348627
LogD3D11RHI: Loaded GFSDK_Aftermath_Lib.x64.dll
LogICUInternationalization: ICU TimeZone Detection - Raw Offset: +2:00, Platform Override: ''
LogPluginManager: Mounting plugin Paper2D
LogPluginManager: Mounting plugin AISupport
LogPluginManager: Mounting plugin LightPropagationVolume
LogPluginManager: Mounting plugin CameraShakePreviewer
LogPluginManager: Mounting plugin ActorLayerUtilities
LogPluginManager: Mounting plugin AnimationSharing
LogPluginManager: Mounting plugin CLionSourceCodeAccess
LogPluginManager: Mounting plugin CodeLiteSourceCodeAccess
LogPluginManager: Mounting plugin GitSourceControl
LogPluginManager: Mounting plugin KDevelopSourceCodeAccess
LogPluginManager: Mounting plugin NullSourceCodeAccess
LogPluginManager: Mounting plugin PerforceSourceControl
LogPluginManager: Mounting plugin PlasticSourceControl
LogPluginManager: Mounting plugin RiderSourceCodeAccess
LogPluginManager: Mounting plugin SubversionSourceControl
LogPluginManager: Mounting plugin UObjectPlugin
LogPluginManager: Mounting plugin VisualStudioCodeSourceCodeAccess
LogPluginManager: Mounting plugin VisualStudioSourceCodeAccess
LogPluginManager: Mounting plugin XCodeSourceCodeAccess
LogPluginManager: Mounting plugin AssetManagerEditor
LogPluginManager: Mounting plugin CryptoKeys
LogPluginManager: Mounting plugin CurveEditorTools
LogPluginManager: Mounting plugin DataValidation
LogPluginManager: Mounting plugin EditorScriptingUtilities
LogPluginManager: Mounting plugin FacialAnimation
LogPluginManager: Mounting plugin GameplayTagsEditor
LogPluginManager: Mounting plugin GeometryMode
LogPluginManager: Mounting plugin MacGraphicsSwitching
LogPluginManager: Mounting plugin MaterialAnalyzer
LogPluginManager: Mounting plugin MobileLauncherProfileWizard
LogPluginManager: Mounting plugin PluginBrowser
LogPluginManager: Mounting plugin SpeedTreeImporter
LogPluginManager: Mounting plugin DatasmithContent
LogPluginManager: Mounting plugin VariantManagerContent
LogPluginManager: Mounting plugin AlembicImporter
LogPluginManager: Mounting plugin AutomationUtils
LogPluginManager: Mounting plugin BackChannel
LogPluginManager: Mounting plugin ChaosCloth
LogPluginManager: Mounting plugin ChaosClothEditor
LogPluginManager: Mounting plugin ChaosEditor
LogPluginManager: Mounting plugin ChaosNiagara
LogPluginManager: Mounting plugin ChaosSolverPlugin
LogPluginManager: Mounting plugin CharacterAI
LogPluginManager: Mounting plugin GeometryCache
LogPluginManager: Mounting plugin GeometryCollectionPlugin
LogPluginManager: Mounting plugin GeometryProcessing
LogPluginManager: Mounting plugin PlanarCut
LogPluginManager: Mounting plugin PlatformCrypto
LogPluginManager: Mounting plugin ProxyLODPlugin
LogPluginManager: Mounting plugin SkeletalReduction
LogPluginManager: Mounting plugin Niagara
LogPluginManager: Mounting plugin MagicLeap
LogPluginManager: Mounting plugin MagicLeapLightEstimation
LogPluginManager: Mounting plugin MagicLeapMedia
LogPluginManager: Mounting plugin MagicLeapPassableWorld
LogPluginManager: Mounting plugin MLSDK
LogPluginManager: Mounting plugin AndroidMedia
LogPluginManager: Mounting plugin AvfMedia
LogPluginManager: Mounting plugin ImgMedia
LogPluginManager: Mounting plugin MediaCompositing
LogPluginManager: Mounting plugin MediaPlayerEditor
LogPluginManager: Mounting plugin WebMMedia
LogPluginManager: Mounting plugin WmfMedia
LogPluginManager: Mounting plugin MeshPainting
LogPluginManager: Mounting plugin TcpMessaging
LogPluginManager: Mounting plugin UdpMessaging
LogPluginManager: Mounting plugin ActorSequence
LogPluginManager: Mounting plugin LevelSequenceEditor
LogPluginManager: Mounting plugin MatineeToLevelSequence
LogPluginManager: Mounting plugin MovieRenderPipeline
LogPluginManager: Mounting plugin TemplateSequence
LogPluginManager: Mounting plugin NetcodeUnitTest
LogPluginManager: Mounting plugin NUTUnrealEngine4
LogPluginManager: Mounting plugin OnlineSubsystemGooglePlay
LogPluginManager: Mounting plugin OnlineSubsystemIOS
LogPluginManager: Mounting plugin OnlineSubsystem
LogPluginManager: Mounting plugin OnlineSubsystemNull
LogPluginManager: Mounting plugin OnlineSubsystemUtils
LogPluginManager: Mounting plugin LauncherChunkInstaller
LogPluginManager: Mounting plugin AndroidDeviceProfileSelector
LogPluginManager: Mounting plugin AndroidMoviePlayer
LogPluginManager: Mounting plugin AndroidPermission
LogPluginManager: Mounting plugin AppleImageUtils
LogPluginManager: Mounting plugin AppleMoviePlayer
LogPluginManager: Mounting plugin ArchVisCharacter
LogPluginManager: Mounting plugin AssetTags
LogPluginManager: Mounting plugin AudioCapture
LogPluginManager: Mounting plugin CableComponent
LogPluginManager: Mounting plugin CustomMeshComponent
LogPluginManager: Mounting plugin EditableMesh
LogPluginManager: Mounting plugin ExampleDeviceProfileSelector
LogPluginManager: Mounting plugin GoogleCloudMessaging
LogPluginManager: Mounting plugin GooglePAD
LogPluginManager: Mounting plugin IOSDeviceProfileSelector
LogPluginManager: Mounting plugin LinuxDeviceProfileSelector
LogPluginManager: Mounting plugin LocationServicesBPLibrary
LogPluginManager: Mounting plugin MobilePatchingUtils
LogPluginManager: Mounting plugin OculusVR
LogPluginManager: Mounting plugin PhysXVehicles
LogPluginManager: Mounting plugin PostSplashScreen
LogPluginManager: Mounting plugin ProceduralMeshComponent
LogPluginManager: Mounting plugin RuntimePhysXCooking
LogPluginManager: Mounting plugin SignificanceManager
LogPluginManager: Mounting plugin SoundFields
LogPluginManager: Mounting plugin SteamVR
LogPluginManager: Mounting plugin Synthesis
LogPluginManager: Mounting plugin WebMMoviePlayer
LogPluginManager: Mounting plugin WindowsMoviePlayer
LogPluginManager: Mounting plugin ScreenshotTools
LogInit: Using libcurl 7.55.1-DEV
LogInit:  - built for x86_64-pc-win32
LogInit:  - supports SSL with OpenSSL/1.1.1
LogInit:  - supports HTTP deflate (compression) using libz 1.2.8
LogInit:  - other features:
LogInit:      CURL_VERSION_SSL
LogInit:      CURL_VERSION_LIBZ
LogInit:      CURL_VERSION_IPV6
LogInit:      CURL_VERSION_ASYNCHDNS
LogInit:      CURL_VERSION_LARGEFILE
LogInit:      CURL_VERSION_IDN
LogInit:  CurlRequestOptions (configurable via config and command line):
LogInit:  - bVerifyPeer = true  - Libcurl will verify peer certificate
LogInit:  - bUseHttpProxy = false  - Libcurl will NOT use HTTP proxy
LogInit:  - bDontReuseConnections = false  - Libcurl will reuse connections
LogInit:  - MaxHostConnections = 16  - Libcurl will limit the number of connections to a host
LogInit:  - LocalHostAddr = Default
LogInit:  - BufferSize = 65536
LogOnline: OSS: Creating online subsystem instance for: NULL
LogInit: WinSock: version 1.1 (2.2), MaxSocks=32767, MaxUdp=65467
LogOnline: OSS: TryLoadSubsystemAndSetDefault: Loaded subsystem for module [NULL]
LogInit: Build: ++UE4+Release-4.25-CL-14469661
LogInit: Engine Version: 4.25.4-14469661+++UE4+Release-4.25
LogInit: Compatible Engine Version: 4.25.0-13144385+++UE4+Release-4.25
LogInit: Net CL: 13144385
LogInit: OS: Windows 10 (Release 1903) (), CPU: AMD Ryzen 5 2600 Six-Core Processor            , GPU: NVIDIA GeForce GTX 1050
LogInit: Compiled (64-bit): Oct 11 2020 08:10:49
LogInit: Compiled with Visual C++: 19.24.28315.00
LogInit: Build Configuration: Development
LogInit: Branch Name: ++UE4+Release-4.25
LogInit: Command Line: 
LogInit: Base Directory: Q:/UE_4.25/Engine/Binaries/Win64/
LogInit: Allocator: TBB
LogInit: Installed Engine Build: 1
LogDevObjectVersion: Number of dev versions registered: 26
LogDevObjectVersion:   Dev-Blueprints (B0D832E4-1F89-4F0D-ACCF-7EB736FD4AA2): 10
LogDevObjectVersion:   Dev-Build (E1C64328-A22C-4D53-A36C-8E866417BD8C): 0
LogDevObjectVersion:   Dev-Core (375EC13C-06E4-48FB-B500-84F0262A717E): 4
LogDevObjectVersion:   Dev-Editor (E4B068ED-F494-42E9-A231-DA0B2E46BB41): 38
LogDevObjectVersion:   Dev-Framework (CFFC743F-43B0-4480-9391-14DF171D2073): 37
LogDevObjectVersion:   Dev-Mobile (B02B49B5-BB20-44E9-A304-32B752E40360): 2
LogDevObjectVersion:   Dev-Networking (A4E4105C-59A1-49B5-A7C5-40C4547EDFEE): 0
LogDevObjectVersion:   Dev-Online (39C831C9-5AE6-47DC-9A44-9C173E1C8E7C): 0
LogDevObjectVersion:   Dev-Physics (78F01B33-EBEA-4F98-B9B4-84EACCB95AA2): 4
LogDevObjectVersion:   Dev-Platform (6631380F-2D4D-43E0-8009-CF276956A95A): 0
LogDevObjectVersion:   Dev-Rendering (12F88B9F-8875-4AFC-A67C-D90C383ABD29): 43
LogDevObjectVersion:   Dev-Sequencer (7B5AE74C-D270-4C10-A958-57980B212A5A): 12
LogDevObjectVersion:   Dev-VR (D7296918-1DD6-4BDD-9DE2-64A83CC13884): 3
LogDevObjectVersion:   Dev-LoadTimes (C2A15278-BFE7-4AFE-6C17-90FF531DF755): 1
LogDevObjectVersion:   Private-Geometry (6EACA3D4-40EC-4CC1-B786-8BED09428FC5): 3
LogDevObjectVersion:   Dev-AnimPhys (29E575DD-E0A3-4627-9D10-D276232CDCEA): 17
LogDevObjectVersion:   Dev-Anim (AF43A65D-7FD3-4947-9873-3E8ED9C1BB05): 7
LogDevObjectVersion:   Dev-ReflectionCapture (6B266CEC-1EC7-4B8F-A30B-E4D90942FC07): 1
LogDevObjectVersion:   Dev-Automation (0DF73D61-A23F-47EA-B727-89E90C41499A): 1
LogDevObjectVersion:   FortniteMain (601D1886-AC64-4F84-AA16-D3DE0DEAC7D6): 31
LogDevObjectVersion:   Dev-Enterprise (9DFFBCD6-494F-0158-E221-12823C92A888): 10
LogDevObjectVersion:   Dev-Niagara (F2AED0AC-9AFE-416F-8664-AA7FFA26D6FC): 1
LogDevObjectVersion:   Dev-Destruction (174F1F0B-B4C6-45A5-B13F-2EE8D0FB917D): 10
LogDevObjectVersion:   Dev-Physics-Ext (35F94A83-E258-406C-A318-09F59610247C): 37
LogDevObjectVersion:   Dev-PhysicsMaterial-Chaos (B68FC16E-8B1B-42E2-B453-215C058844FE): 1
LogDevObjectVersion:   Dev-CineCamera (B2E18506-4273-CFC2-A54E-F4BB758BBA07): 1
LogInit: Presizing for max 25165824 objects, including 0 objects not considered by GC, pre-allocating 0 bytes for permanent pool.
LogConfig: Applying CVar settings from Section [/Script/Engine.StreamingSettings] File [Q:/unrealhorror-01/UnrealHorrorGame/NewHorroGame/Saved/Config/Windows/Engine.ini]
LogConfig: Setting CVar [[s.MinBulkDataSizeForAsyncLoading:131072]]
LogConfig: Setting CVar [[s.AsyncLoadingThreadEnabled:0]]
LogConfig: Setting CVar [[s.EventDrivenLoaderEnabled:1]]
LogConfig: Setting CVar [[s.WarnIfTimeLimitExceeded:0]]
LogConfig: Setting CVar [[s.TimeLimitExceededMultiplier:1.5]]
LogConfig: Setting CVar [[s.TimeLimitExceededMinTime:0.005]]
LogConfig: Setting CVar [[s.UseBackgroundLevelStreaming:1]]
LogConfig: Setting CVar [[s.PriorityAsyncLoadingExtraTime:15.0]]
LogConfig: Setting CVar [[s.LevelStreamingActorsUpdateTimeLimit:5.0]]
LogConfig: Setting CVar [[s.PriorityLevelStreamingActorsUpdateExtraTime:5.0]]
LogConfig: Setting CVar [[s.LevelStreamingComponentsRegistrationGranularity:10]]
LogConfig: Setting CVar [[s.UnregisterComponentsTimeLimit:1.0]]
LogConfig: Setting CVar [[s.LevelStreamingComponentsUnregistrationGranularity:5]]
LogConfig: Setting CVar [[s.FlushStreamingOnExit:1]]
LogInit: Object subsystem initialized
LogConfig: Setting CVar [[con.DebugEarlyDefault:1]]
LogConfig: Setting CVar [[r.setres:1280x720]]
[2020.11.28-09.26.56:914][  0]LogConfig: Setting CVar [[r.VSync:0]]
[2020.11.28-09.26.56:914][  0]LogConfig: Setting CVar [[r.RHICmdBypass:0]]
[2020.11.28-09.26.56:914][  0]LogConfig: Applying CVar settings from Section [/Script/Engine.RendererSettings] File [Q:/unrealhorror-01/UnrealHorrorGame/NewHorroGame/Saved/Config/Windows/Engine.ini]
[2020.11.28-09.26.56:914][  0]LogConfig: Setting CVar [[r.GPUCrashDebugging:0]]
[2020.11.28-09.26.56:914][  0]LogConfig: Applying CVar settings from Section [/Script/Engine.RendererOverrideSettings] File [Q:/unrealhorror-01/UnrealHorrorGame/NewHorroGame/Saved/Config/Windows/Engine.ini]
[2020.11.28-09.26.56:914][  0]LogConfig: Applying CVar settings from Section [/Script/Engine.StreamingSettings] File [Q:/unrealhorror-01/UnrealHorrorGame/NewHorroGame/Saved/Config/Windows/Engine.ini]
[2020.11.28-09.26.56:914][  0]LogConfig: Setting CVar [[s.MinBulkDataSizeForAsyncLoading:131072]]
[2020.11.28-09.26.56:914][  0]LogConfig: Setting CVar [[s.AsyncLoadingThreadEnabled:0]]
[2020.11.28-09.26.56:914][  0]LogConfig: Setting CVar [[s.EventDrivenLoaderEnabled:1]]
[2020.11.28-09.26.56:914][  0]LogConfig: Setting CVar [[s.WarnIfTimeLimitExceeded:0]]
[2020.11.28-09.26.56:914][  0]LogConfig: Setting CVar [[s.TimeLimitExceededMultiplier:1.5]]
[2020.11.28-09.26.56:914][  0]LogConfig: Setting CVar [[s.TimeLimitExceededMinTime:0.005]]
[2020.11.28-09.26.56:914][  0]LogConfig: Setting CVar [[s.UseBackgroundLevelStreaming:1]]
[2020.11.28-09.26.56:914][  0]LogConfig: Setting CVar [[s.PriorityAsyncLoadingExtraTime:15.0]]
[2020.11.28-09.26.56:914][  0]LogConfig: Setting CVar [[s.LevelStreamingActorsUpdateTimeLimit:5.0]]
[2020.11.28-09.26.56:914][  0]LogConfig: Setting CVar [[s.PriorityLevelStreamingActorsUpdateExtraTime:5.0]]
[2020.11.28-09.26.56:914][  0]LogConfig: Setting CVar [[s.LevelStreamingComponentsRegistrationGranularity:10]]
[2020.11.28-09.26.56:914][  0]LogConfig: Setting CVar [[s.UnregisterComponentsTimeLimit:1.0]]
[2020.11.28-09.26.56:914][  0]LogConfig: Setting CVar [[s.LevelStreamingComponentsUnregistrationGranularity:5]]
[2020.11.28-09.26.56:914][  0]LogConfig: Setting CVar [[s.FlushStreamingOnExit:1]]
[2020.11.28-09.26.56:914][  0]LogConfig: Applying CVar settings from Section [/Script/Engine.GarbageCollectionSettings] File [Q:/unrealhorror-01/UnrealHorrorGame/NewHorroGame/Saved/Config/Windows/Engine.ini]
[2020.11.28-09.26.56:914][  0]LogConfig: Setting CVar [[gc.MaxObjectsNotConsideredByGC:1]]
[2020.11.28-09.26.56:914][  0]LogConfig: Setting CVar [[gc.SizeOfPermanentObjectPool:0]]
[2020.11.28-09.26.56:914][  0]LogConfig: Setting CVar [[gc.FlushStreamingOnGC:0]]
[2020.11.28-09.26.56:914][  0]LogConfig: Setting CVar [[gc.NumRetriesBeforeForcingGC:10]]
[2020.11.28-09.26.56:914][  0]LogConfig: Setting CVar [[gc.AllowParallelGC:1]]
[2020.11.28-09.26.56:914][  0]LogConfig: Setting CVar [[gc.TimeBetweenPurgingPendingKillObjects:61.1]]
[2020.11.28-09.26.56:914][  0]LogConfig: Setting CVar [[gc.MaxObjectsInEditor:25165824]]
[2020.11.28-09.26.56:914][  0]LogConfig: Setting CVar [[gc.IncrementalBeginDestroyEnabled:1]]
[2020.11.28-09.26.56:915][  0]LogConfig: Setting CVar [[gc.CreateGCClusters:1]]
[2020.11.28-09.26.56:915][  0]LogConfig: Setting CVar [[gc.MinGCClusterSize:5]]
[2020.11.28-09.26.56:915][  0]LogConfig: Setting CVar [[gc.ActorClusteringEnabled:0]]
[2020.11.28-09.26.56:915][  0]LogConfig: Setting CVar [[gc.BlueprintClusteringEnabled:0]]
[2020.11.28-09.26.56:915][  0]LogConfig: Setting CVar [[gc.UseDisregardForGCOnDedicatedServers:0]]
[2020.11.28-09.26.56:915][  0]LogConfig: Applying CVar settings from Section [/Script/Engine.NetworkSettings] File [Q:/unrealhorror-01/UnrealHorrorGame/NewHorroGame/Saved/Config/Windows/Engine.ini]
[2020.11.28-09.26.56:915][  0]LogConfig: Applying CVar settings from Section [/Script/UnrealEd.CookerSettings] File [Q:/unrealhorror-01/UnrealHorrorGame/NewHorroGame/Saved/Config/Windows/Engine.ini]
[2020.11.28-09.26.56:917][  0]LogConfig: Applying CVar settings from Section [ViewDistanceQuality@3] File [Q:/unrealhorror-01/UnrealHorrorGame/NewHorroGame/Saved/Config/Windows/Scalability.ini]
[2020.11.28-09.26.56:917][  0]LogConfig: Setting CVar [[r.SkeletalMeshLODBias:0]]
[2020.11.28-09.26.56:917][  0]LogConfig: Setting CVar [[r.ViewDistanceScale:1.0]]
[2020.11.28-09.26.56:917][  0]LogConfig: Applying CVar settings from Section [AntiAliasingQuality@3] File [Q:/unrealhorror-01/UnrealHorrorGame/NewHorroGame/Saved/Config/Windows/Scalability.ini]
[2020.11.28-09.26.56:917][  0]LogConfig: Setting CVar [[r.PostProcessAAQuality:4]]
[2020.11.28-09.26.56:917][  0]LogConfig: Applying CVar settings from Section [ShadowQuality@3] File [Q:/unrealhorror-01/UnrealHorrorGame/NewHorroGame/Saved/Config/Windows/Scalability.ini]
[2020.11.28-09.26.56:917][  0]LogConfig: Setting CVar [[r.LightFunctionQuality:1]]
[2020.11.28-09.26.56:917][  0]LogConfig: Setting CVar [[r.ShadowQuality:5]]
[2020.11.28-09.26.56:917][  0]LogConfig: Setting CVar [[r.Shadow.CSM.MaxCascades:10]]
[2020.11.28-09.26.56:917][  0]LogConfig: Setting CVar [[r.Shadow.MaxResolution:2048]]
[2020.11.28-09.26.56:917][  0]LogConfig: Setting CVar [[r.Shadow.MaxCSMResolution:2048]]
[2020.11.28-09.26.56:917][  0]LogConfig: Setting CVar [[r.Shadow.RadiusThreshold:0.01]]
[2020.11.28-09.26.56:917][  0]LogConfig: Setting CVar [[r.Shadow.DistanceScale:1.0]]
[2020.11.28-09.26.56:917][  0]LogConfig: Setting CVar [[r.Shadow.CSM.TransitionScale:1.0]]
[2020.11.28-09.26.56:917][  0]LogConfig: Setting CVar [[r.Shadow.PreShadowResolutionFactor:1.0]]
[2020.11.28-09.26.56:917][  0]LogConfig: Setting CVar [[r.DistanceFieldShadowing:1]]
[2020.11.28-09.26.56:917][  0]LogConfig: Setting CVar [[r.DistanceFieldAO:1]]
[2020.11.28-09.26.56:917][  0]LogConfig: Setting CVar [[r.AOQuality:2]]
[2020.11.28-09.26.56:917][  0]LogConfig: Setting CVar [[r.VolumetricFog:1]]
[2020.11.28-09.26.56:917][  0]LogConfig: Setting CVar [[r.VolumetricFog.GridPixelSize:8]]
[2020.11.28-09.26.56:917][  0]LogConfig: Setting CVar [[r.VolumetricFog.GridSizeZ:128]]
[2020.11.28-09.26.56:917][  0]LogConfig: Setting CVar [[r.VolumetricFog.HistoryMissSupersampleCount:4]]
[2020.11.28-09.26.56:917][  0]LogConfig: Setting CVar [[r.LightMaxDrawDistanceScale:1]]
[2020.11.28-09.26.56:917][  0]LogConfig: Setting CVar [[r.CapsuleShadows:1]]
[2020.11.28-09.26.56:917][  0]LogConfig: Applying CVar settings from Section [PostProcessQuality@3] File [Q:/unrealhorror-01/UnrealHorrorGame/NewHorroGame/Saved/Config/Windows/Scalability.ini]
[2020.11.28-09.26.56:917][  0]LogConfig: Setting CVar [[r.MotionBlurQuality:4]]
[2020.11.28-09.26.56:917][  0]LogConfig: Setting CVar [[r.AmbientOcclusionMipLevelFactor:0.4]]
[2020.11.28-09.26.56:917][  0]LogConfig: Setting CVar [[r.AmbientOcclusionMaxQuality:100]]
[2020.11.28-09.26.56:917][  0]LogConfig: Setting CVar [[r.AmbientOcclusionLevels:-1]]
[2020.11.28-09.26.56:917][  0]LogConfig: Setting CVar [[r.AmbientOcclusionRadiusScale:1.0]]
[2020.11.28-09.26.56:917][  0]LogConfig: Setting CVar [[r.DepthOfFieldQuality:2]]
[2020.11.28-09.26.56:917][  0]LogConfig: Setting CVar [[r.RenderTargetPoolMin:400]]
[2020.11.28-09.26.56:917][  0]LogConfig: Setting CVar [[r.LensFlareQuality:2]]
[2020.11.28-09.26.56:918][  0]LogConfig: Setting CVar [[r.SceneColorFringeQuality:1]]
[2020.11.28-09.26.56:918][  0]LogConfig: Setting CVar [[r.EyeAdaptationQuality:2]]
[2020.11.28-09.26.56:918][  0]LogConfig: Setting CVar [[r.BloomQuality:5]]
[2020.11.28-09.26.56:918][  0]LogConfig: Setting CVar [[r.FastBlurThreshold:100]]
[2020.11.28-09.26.56:918][  0]LogConfig: Setting CVar [[r.Upscale.Quality:3]]
[2020.11.28-09.26.56:918][  0]LogConfig: Setting CVar [[r.Tonemapper.GrainQuantization:1]]
[2020.11.28-09.26.56:918][  0]LogConfig: Setting CVar [[r.LightShaftQuality:1]]
[2020.11.28-09.26.56:918][  0]LogConfig: Setting CVar [[r.Filter.SizeScale:1]]
[2020.11.28-09.26.56:918][  0]LogConfig: Setting CVar [[r.Tonemapper.Quality:5]]
[2020.11.28-09.26.56:918][  0]LogConfig: Setting CVar [[r.DOF.Gather.AccumulatorQuality:1        ; higher gathering accumulator quality]]
[2020.11.28-09.26.56:918][  0]LogConfig: Setting CVar [[r.DOF.Gather.PostfilterMethod:1          ; Median3x3 postfilering method]]
[2020.11.28-09.26.56:918][  0]LogConfig: Setting CVar [[r.DOF.Gather.EnableBokehSettings:0       ; no bokeh simulation when gathering]]
[2020.11.28-09.26.56:918][  0]LogConfig: Setting CVar [[r.DOF.Gather.RingCount:4                 ; medium number of samples when gathering]]
[2020.11.28-09.26.56:918][  0]LogConfig: Setting CVar [[r.DOF.Scatter.ForegroundCompositing:1    ; additive foreground scattering]]
[2020.11.28-09.26.56:918][  0]LogConfig: Setting CVar [[r.DOF.Scatter.BackgroundCompositing:2    ; additive background scattering]]
[2020.11.28-09.26.56:918][  0]LogConfig: Setting CVar [[r.DOF.Scatter.EnableBokehSettings:1      ; bokeh simulation when scattering]]
[2020.11.28-09.26.56:918][  0]LogConfig: Setting CVar [[r.DOF.Scatter.MaxSpriteRatio:0.1         ; only a maximum of 10% of scattered bokeh]]
[2020.11.28-09.26.56:918][  0]LogConfig: Setting CVar [[r.DOF.Recombine.Quality:1                ; cheap slight out of focus]]
[2020.11.28-09.26.56:918][  0]LogConfig: Setting CVar [[r.DOF.Recombine.EnableBokehSettings:0    ; no bokeh simulation on slight out of focus]]
[2020.11.28-09.26.56:918][  0]LogConfig: Setting CVar [[r.DOF.TemporalAAQuality:1                ; more stable temporal accumulation]]
[2020.11.28-09.26.56:918][  0]LogConfig: Setting CVar [[r.DOF.Kernel.MaxForegroundRadius:0.025]]
[2020.11.28-09.26.56:918][  0]LogConfig: Setting CVar [[r.DOF.Kernel.MaxBackgroundRadius:0.025]]
[2020.11.28-09.26.56:918][  0]LogConfig: Applying CVar settings from Section [TextureQuality@3] File [Q:/unrealhorror-01/UnrealHorrorGame/NewHorroGame/Saved/Config/Windows/Scalability.ini]
[2020.11.28-09.26.56:918][  0]LogConfig: Setting CVar [[r.Streaming.MipBias:0]]
[2020.11.28-09.26.56:918][  0]LogConfig: Setting CVar [[r.Streaming.AmortizeCPUToGPUCopy:0]]
[2020.11.28-09.26.56:918][  0]LogConfig: Setting CVar [[r.Streaming.MaxNumTexturesToStreamPerFrame:0]]
[2020.11.28-09.26.56:918][  0]LogConfig: Setting CVar [[r.Streaming.Boost:1]]
[2020.11.28-09.26.56:918][  0]LogConfig: Setting CVar [[r.MaxAnisotropy:8]]
[2020.11.28-09.26.56:918][  0]LogConfig: Setting CVar [[r.VT.MaxAnisotropy:8]]
[2020.11.28-09.26.56:918][  0]LogConfig: Setting CVar [[r.Streaming.LimitPoolSizeToVRAM:0]]
[2020.11.28-09.26.56:918][  0]LogConfig: Setting CVar [[r.Streaming.PoolSize:1000]]
[2020.11.28-09.26.56:918][  0]LogConfig: Setting CVar [[r.Streaming.MaxEffectiveScreenSize:0]]
[2020.11.28-09.26.56:918][  0]LogConfig: Applying CVar settings from Section [EffectsQuality@3] File [Q:/unrealhorror-01/UnrealHorrorGame/NewHorroGame/Saved/Config/Windows/Scalability.ini]
[2020.11.28-09.26.56:918][  0]LogConfig: Setting CVar [[r.TranslucencyLightingVolumeDim:64]]
[2020.11.28-09.26.56:918][  0]LogConfig: Setting CVar [[r.RefractionQuality:2]]
[2020.11.28-09.26.56:918][  0]LogConfig: Setting CVar [[r.SSR.Quality:3]]
[2020.11.28-09.26.56:918][  0]LogConfig: Setting CVar [[r.SSR.HalfResSceneColor:0]]
[2020.11.28-09.26.56:918][  0]LogConfig: Setting CVar [[r.SceneColorFormat:4]]
[2020.11.28-09.26.56:918][  0]LogConfig: Setting CVar [[r.DetailMode:2]]
[2020.11.28-09.26.56:918][  0]LogConfig: Setting CVar [[r.TranslucencyVolumeBlur:1]]
[2020.11.28-09.26.56:918][  0]LogConfig: Setting CVar [[r.MaterialQualityLevel:1 ; High quality]]
[2020.11.28-09.26.56:918][  0]LogConfig: Setting CVar [[r.SSS.Scale:1]]
[2020.11.28-09.26.56:918][  0]LogConfig: Setting CVar [[r.SSS.SampleSet:2]]
[2020.11.28-09.26.56:918][  0]LogConfig: Setting CVar [[r.SSS.Quality:1]]
[2020.11.28-09.26.56:918][  0]LogConfig: Setting CVar [[r.SSS.HalfRes:0]]
[2020.11.28-09.26.56:918][  0]LogConfig: Setting CVar [[r.SSGI.Quality:3]]
[2020.11.28-09.26.56:918][  0]LogConfig: Setting CVar [[r.EmitterSpawnRateScale:1.0]]
[2020.11.28-09.26.56:918][  0]LogConfig: Setting CVar [[r.ParticleLightQuality:2]]
[2020.11.28-09.26.56:918][  0]LogConfig: Setting CVar [[r.SkyAtmosphere.AerialPerspectiveLUT.FastApplyOnOpaque:1 ; Always have FastSkyLUT 1 in this case to avoid wrong sky]]
[2020.11.28-09.26.56:918][  0]LogConfig: Setting CVar [[r.SkyAtmosphere.AerialPerspectiveLUT.SampleCountPerSlice:1]]
[2020.11.28-09.26.56:918][  0]LogConfig: Setting CVar [[r.SkyAtmosphere.AerialPerspectiveLUT.DepthResolution:16.0]]
[2020.11.28-09.26.56:918][  0]LogConfig: Setting CVar [[r.SkyAtmosphere.FastSkyLUT:1]]
[2020.11.28-09.26.56:918][  0]LogConfig: Setting CVar [[r.SkyAtmosphere.FastSkyLUT.SampleCountMin:4.0]]
[2020.11.28-09.26.56:918][  0]LogConfig: Setting CVar [[r.SkyAtmosphere.FastSkyLUT.SampleCountMax:32.0]]
[2020.11.28-09.26.56:918][  0]LogConfig: Setting CVar [[r.SkyAtmosphere.SampleCountMin:4.0]]
[2020.11.28-09.26.56:918][  0]LogConfig: Setting CVar [[r.SkyAtmosphere.SampleCountMax:32.0]]
[2020.11.28-09.26.56:918][  0]LogConfig: Setting CVar [[r.SkyAtmosphere.TransmittanceLUT.UseSmallFormat:0]]
[2020.11.28-09.26.56:918][  0]LogConfig: Setting CVar [[r.SkyAtmosphere.TransmittanceLUT.SampleCount:10.0]]
[2020.11.28-09.26.56:918][  0]LogConfig: Setting CVar [[r.SkyAtmosphere.MultiScatteringLUT.SampleCount:15.0]]
[2020.11.28-09.26.56:918][  0]LogConfig: Applying CVar settings from Section [FoliageQuality@3] File [Q:/unrealhorror-01/UnrealHorrorGame/NewHorroGame/Saved/Config/Windows/Scalability.ini]
[2020.11.28-09.26.56:918][  0]LogConfig: Setting CVar [[foliage.DensityScale:1.0]]
[2020.11.28-09.26.56:918][  0]LogConfig: Setting CVar [[grass.DensityScale:1.0]]
[2020.11.28-09.26.56:918][  0]LogConfig: Applying CVar settings from Section [ShadingQuality@3] File [Q:/unrealhorror-01/UnrealHorrorGame/NewHorroGame/Saved/Config/Windows/Scalability.ini]
[2020.11.28-09.26.56:918][  0]LogConfig: Setting CVar [[r.HairStrands.SkyLighting.SampleCount:16]]
[2020.11.28-09.26.56:918][  0]LogConfig: Setting CVar [[r.HairStrands.SkyLighting.JitterIntegration:0]]
[2020.11.28-09.26.56:918][  0]LogConfig: Setting CVar [[r.HairStrands.SkyAO.SampleCount:16]]
[2020.11.28-09.26.56:918][  0]LogConfig: Setting CVar [[r.HairStrands.DeepShadow.SuperSampling:0]]
[2020.11.28-09.26.56:918][  0]LogConfig: Setting CVar [[r.HairStrands.VisibilityPPLL:0]]
[2020.11.28-09.26.56:919][  0]LogConfig: Setting CVar [[r.HairStrands.RasterizationScale:0.5]]
[2020.11.28-09.26.56:919][  0]LogConfig: Setting CVar [[r.HairStrands.VelocityRasterizationScale:1]]
[2020.11.28-09.26.56:919][  0]LogInit: Selected Device Profile: [Windows]
[2020.11.28-09.26.56:919][  0]LogInit: Applying CVar settings loaded from the selected device profile: [Windows]
[2020.11.28-09.26.56:919][  0]LogHAL: Display: Platform has ~ 16 GB [17108262912 / 17179869184 / 16], which maps to Larger [LargestMinGB=32, LargerMinGB=12, DefaultMinGB=8, SmallerMinGB=6, SmallestMinGB=0)
[2020.11.28-09.26.56:919][  0]LogInit: Going up to parent DeviceProfile []
[2020.11.28-09.26.56:919][  0]LogConfig: Applying CVar settings from Section [ViewDistanceQuality@3] File [Q:/unrealhorror-01/UnrealHorrorGame/NewHorroGame/Saved/Config/Windows/Scalability.ini]
[2020.11.28-09.26.56:919][  0]LogConfig: Setting CVar [[r.SkeletalMeshLODBias:0]]
[2020.11.28-09.26.56:919][  0]LogConfig: Setting CVar [[r.ViewDistanceScale:1.0]]
[2020.11.28-09.26.56:919][  0]LogConfig: Applying CVar settings from Section [AntiAliasingQuality@3] File [Q:/unrealhorror-01/UnrealHorrorGame/NewHorroGame/Saved/Config/Windows/Scalability.ini]
[2020.11.28-09.26.56:919][  0]LogConfig: Setting CVar [[r.PostProcessAAQuality:4]]
[2020.11.28-09.26.56:919][  0]LogConfig: Applying CVar settings from Section [ShadowQuality@3] File [Q:/unrealhorror-01/UnrealHorrorGame/NewHorroGame/Saved/Config/Windows/Scalability.ini]
[2020.11.28-09.26.56:919][  0]LogConfig: Setting CVar [[r.LightFunctionQuality:1]]
[2020.11.28-09.26.56:919][  0]LogConfig: Setting CVar [[r.ShadowQuality:5]]
[2020.11.28-09.26.56:919][  0]LogConfig: Setting CVar [[r.Shadow.CSM.MaxCascades:10]]
[2020.11.28-09.26.56:919][  0]LogConfig: Setting CVar [[r.Shadow.MaxResolution:2048]]
[2020.11.28-09.26.56:919][  0]LogConfig: Setting CVar [[r.Shadow.MaxCSMResolution:2048]]
[2020.11.28-09.26.56:919][  0]LogConfig: Setting CVar [[r.Shadow.RadiusThreshold:0.01]]
[2020.11.28-09.26.56:919][  0]LogConfig: Setting CVar [[r.Shadow.DistanceScale:1.0]]
[2020.11.28-09.26.56:919][  0]LogConfig: Setting CVar [[r.Shadow.CSM.TransitionScale:1.0]]
[2020.11.28-09.26.56:919][  0]LogConfig: Setting CVar [[r.Shadow.PreShadowResolutionFactor:1.0]]
[2020.11.28-09.26.56:919][  0]LogConfig: Setting CVar [[r.DistanceFieldShadowing:1]]
[2020.11.28-09.26.56:919][  0]LogConfig: Setting CVar [[r.DistanceFieldAO:1]]
[2020.11.28-09.26.56:919][  0]LogConfig: Setting CVar [[r.AOQuality:2]]
[2020.11.28-09.26.56:919][  0]LogConfig: Setting CVar [[r.VolumetricFog:1]]
[2020.11.28-09.26.56:919][  0]LogConfig: Setting CVar [[r.VolumetricFog.GridPixelSize:8]]
[2020.11.28-09.26.56:919][  0]LogConfig: Setting CVar [[r.VolumetricFog.GridSizeZ:128]]
[2020.11.28-09.26.56:919][  0]LogConfig: Setting CVar [[r.VolumetricFog.HistoryMissSupersampleCount:4]]
[2020.11.28-09.26.56:919][  0]LogConfig: Setting CVar [[r.LightMaxDrawDistanceScale:1]]
[2020.11.28-09.26.56:919][  0]LogConfig: Setting CVar [[r.CapsuleShadows:1]]
[2020.11.28-09.26.56:919][  0]LogConfig: Applying CVar settings from Section [PostProcessQuality@3] File [Q:/unrealhorror-01/UnrealHorrorGame/NewHorroGame/Saved/Config/Windows/Scalability.ini]
[2020.11.28-09.26.56:919][  0]LogConfig: Setting CVar [[r.MotionBlurQuality:4]]
[2020.11.28-09.26.56:919][  0]LogConfig: Setting CVar [[r.AmbientOcclusionMipLevelFactor:0.4]]
[2020.11.28-09.26.56:919][  0]LogConfig: Setting CVar [[r.AmbientOcclusionMaxQuality:100]]
[2020.11.28-09.26.56:919][  0]LogConfig: Setting CVar [[r.AmbientOcclusionLevels:-1]]
[2020.11.28-09.26.56:919][  0]LogConfig: Setting CVar [[r.AmbientOcclusionRadiusScale:1.0]]
[2020.11.28-09.26.56:919][  0]LogConfig: Setting CVar [[r.DepthOfFieldQuality:2]]
[2020.11.28-09.26.56:919][  0]LogConfig: Setting CVar [[r.RenderTargetPoolMin:400]]
[2020.11.28-09.26.56:919][  0]LogConfig: Setting CVar [[r.LensFlareQuality:2]]
[2020.11.28-09.26.56:919][  0]LogConfig: Setting CVar [[r.SceneColorFringeQuality:1]]
[2020.11.28-09.26.56:919][  0]LogConfig: Setting CVar [[r.EyeAdaptationQuality:2]]
[2020.11.28-09.26.56:919][  0]LogConfig: Setting CVar [[r.BloomQuality:5]]
[2020.11.28-09.26.56:919][  0]LogConfig: Setting CVar [[r.FastBlurThreshold:100]]
[2020.11.28-09.26.56:919][  0]LogConfig: Setting CVar [[r.Upscale.Quality:3]]
[2020.11.28-09.26.56:919][  0]LogConfig: Setting CVar [[r.Tonemapper.GrainQuantization:1]]
[2020.11.28-09.26.56:919][  0]LogConfig: Setting CVar [[r.LightShaftQuality:1]]
[2020.11.28-09.26.56:919][  0]LogConfig: Setting CVar [[r.Filter.SizeScale:1]]
[2020.11.28-09.26.56:919][  0]LogConfig: Setting CVar [[r.Tonemapper.Quality:5]]
[2020.11.28-09.26.56:919][  0]LogConfig: Setting CVar [[r.DOF.Gather.AccumulatorQuality:1        ; higher gathering accumulator quality]]
[2020.11.28-09.26.56:919][  0]LogConfig: Setting CVar [[r.DOF.Gather.PostfilterMethod:1          ; Median3x3 postfilering method]]
[2020.11.28-09.26.56:919][  0]LogConfig: Setting CVar [[r.DOF.Gather.EnableBokehSettings:0       ; no bokeh simulation when gathering]]
[2020.11.28-09.26.56:919][  0]LogConfig: Setting CVar [[r.DOF.Gather.RingCount:4                 ; medium number of samples when gathering]]
[2020.11.28-09.26.56:919][  0]LogConfig: Setting CVar [[r.DOF.Scatter.ForegroundCompositing:1    ; additive foreground scattering]]
[2020.11.28-09.26.56:919][  0]LogConfig: Setting CVar [[r.DOF.Scatter.BackgroundCompositing:2    ; additive background scattering]]
[2020.11.28-09.26.56:919][  0]LogConfig: Setting CVar [[r.DOF.Scatter.EnableBokehSettings:1      ; bokeh simulation when scattering]]
[2020.11.28-09.26.56:919][  0]LogConfig: Setting CVar [[r.DOF.Scatter.MaxSpriteRatio:0.1         ; only a maximum of 10% of scattered bokeh]]
[2020.11.28-09.26.56:919][  0]LogConfig: Setting CVar [[r.DOF.Recombine.Quality:1                ; cheap slight out of focus]]
[2020.11.28-09.26.56:919][  0]LogConfig: Setting CVar [[r.DOF.Recombine.EnableBokehSettings:0    ; no bokeh simulation on slight out of focus]]
[2020.11.28-09.26.56:919][  0]LogConfig: Setting CVar [[r.DOF.TemporalAAQuality:1                ; more stable temporal accumulation]]
[2020.11.28-09.26.56:919][  0]LogConfig: Setting CVar [[r.DOF.Kernel.MaxForegroundRadius:0.025]]
[2020.11.28-09.26.56:919][  0]LogConfig: Setting CVar [[r.DOF.Kernel.MaxBackgroundRadius:0.025]]
[2020.11.28-09.26.56:920][  0]LogConfig: Applying CVar settings from Section [TextureQuality@3] File [Q:/unrealhorror-01/UnrealHorrorGame/NewHorroGame/Saved/Config/Windows/Scalability.ini]
[2020.11.28-09.26.56:920][  0]LogConfig: Setting CVar [[r.Streaming.MipBias:0]]
[2020.11.28-09.26.56:920][  0]LogConfig: Setting CVar [[r.Streaming.AmortizeCPUToGPUCopy:0]]
[2020.11.28-09.26.56:920][  0]LogConfig: Setting CVar [[r.Streaming.MaxNumTexturesToStreamPerFrame:0]]
[2020.11.28-09.26.56:920][  0]LogConfig: Setting CVar [[r.Streaming.Boost:1]]
[2020.11.28-09.26.56:920][  0]LogConfig: Setting CVar [[r.MaxAnisotropy:8]]
[2020.11.28-09.26.56:920][  0]LogConfig: Setting CVar [[r.VT.MaxAnisotropy:8]]
[2020.11.28-09.26.56:920][  0]LogConfig: Setting CVar [[r.Streaming.LimitPoolSizeToVRAM:0]]
[2020.11.28-09.26.56:920][  0]LogConfig: Setting CVar [[r.Streaming.PoolSize:1000]]
[2020.11.28-09.26.56:920][  0]LogConfig: Setting CVar [[r.Streaming.MaxEffectiveScreenSize:0]]
[2020.11.28-09.26.56:920][  0]LogConfig: Applying CVar settings from Section [EffectsQuality@3] File [Q:/unrealhorror-01/UnrealHorrorGame/NewHorroGame/Saved/Config/Windows/Scalability.ini]
[2020.11.28-09.26.56:920][  0]LogConfig: Setting CVar [[r.TranslucencyLightingVolumeDim:64]]
[2020.11.28-09.26.56:920][  0]LogConfig: Setting CVar [[r.RefractionQuality:2]]
[2020.11.28-09.26.56:920][  0]LogConfig: Setting CVar [[r.SSR.Quality:3]]
[2020.11.28-09.26.56:920][  0]LogConfig: Setting CVar [[r.SSR.HalfResSceneColor:0]]
[2020.11.28-09.26.56:920][  0]LogConfig: Setting CVar [[r.SceneColorFormat:4]]
[2020.11.28-09.26.56:920][  0]LogConfig: Setting CVar [[r.DetailMode:2]]
[2020.11.28-09.26.56:920][  0]LogConfig: Setting CVar [[r.TranslucencyVolumeBlur:1]]
[2020.11.28-09.26.56:920][  0]LogConfig: Setting CVar [[r.MaterialQualityLevel:1 ; High quality]]
[2020.11.28-09.26.56:920][  0]LogConfig: Setting CVar [[r.SSS.Scale:1]]
[2020.11.28-09.26.56:920][  0]LogConfig: Setting CVar [[r.SSS.SampleSet:2]]
[2020.11.28-09.26.56:920][  0]LogConfig: Setting CVar [[r.SSS.Quality:1]]
[2020.11.28-09.26.56:920][  0]LogConfig: Setting CVar [[r.SSS.HalfRes:0]]
[2020.11.28-09.26.56:920][  0]LogConfig: Setting CVar [[r.SSGI.Quality:3]]
[2020.11.28-09.26.56:920][  0]LogConfig: Setting CVar [[r.EmitterSpawnRateScale:1.0]]
[2020.11.28-09.26.56:920][  0]LogConfig: Setting CVar [[r.ParticleLightQuality:2]]
[2020.11.28-09.26.56:920][  0]LogConfig: Setting CVar [[r.SkyAtmosphere.AerialPerspectiveLUT.FastApplyOnOpaque:1 ; Always have FastSkyLUT 1 in this case to avoid wrong sky]]
[2020.11.28-09.26.56:920][  0]LogConfig: Setting CVar [[r.SkyAtmosphere.AerialPerspectiveLUT.SampleCountPerSlice:1]]
[2020.11.28-09.26.56:920][  0]LogConfig: Setting CVar [[r.SkyAtmosphere.AerialPerspectiveLUT.DepthResolution:16.0]]
[2020.11.28-09.26.56:920][  0]LogConfig: Setting CVar [[r.SkyAtmosphere.FastSkyLUT:1]]
[2020.11.28-09.26.56:920][  0]LogConfig: Setting CVar [[r.SkyAtmosphere.FastSkyLUT.SampleCountMin:4.0]]
[2020.11.28-09.26.56:920][  0]LogConfig: Setting CVar [[r.SkyAtmosphere.FastSkyLUT.SampleCountMax:32.0]]
[2020.11.28-09.26.56:920][  0]LogConfig: Setting CVar [[r.SkyAtmosphere.SampleCountMin:4.0]]
[2020.11.28-09.26.56:920][  0]LogConfig: Setting CVar [[r.SkyAtmosphere.SampleCountMax:32.0]]
[2020.11.28-09.26.56:920][  0]LogConfig: Setting CVar [[r.SkyAtmosphere.TransmittanceLUT.UseSmallFormat:0]]
[2020.11.28-09.26.56:920][  0]LogConfig: Setting CVar [[r.SkyAtmosphere.TransmittanceLUT.SampleCount:10.0]]
[2020.11.28-09.26.56:920][  0]LogConfig: Setting CVar [[r.SkyAtmosphere.MultiScatteringLUT.SampleCount:15.0]]
[2020.11.28-09.26.56:920][  0]LogConfig: Applying CVar settings from Section [FoliageQuality@3] File [Q:/unrealhorror-01/UnrealHorrorGame/NewHorroGame/Saved/Config/Windows/Scalability.ini]
[2020.11.28-09.26.56:920][  0]LogConfig: Setting CVar [[foliage.DensityScale:1.0]]
[2020.11.28-09.26.56:920][  0]LogConfig: Setting CVar [[grass.DensityScale:1.0]]
[2020.11.28-09.26.56:920][  0]LogConfig: Applying CVar settings from Section [ShadingQuality@3] File [Q:/unrealhorror-01/UnrealHorrorGame/NewHorroGame/Saved/Config/Windows/Scalability.ini]
[2020.11.28-09.26.56:920][  0]LogConfig: Setting CVar [[r.HairStrands.SkyLighting.SampleCount:16]]
[2020.11.28-09.26.56:920][  0]LogConfig: Setting CVar [[r.HairStrands.SkyLighting.JitterIntegration:0]]
[2020.11.28-09.26.56:920][  0]LogConfig: Setting CVar [[r.HairStrands.SkyAO.SampleCount:16]]
[2020.11.28-09.26.56:920][  0]LogConfig: Setting CVar [[r.HairStrands.DeepShadow.SuperSampling:0]]
[2020.11.28-09.26.56:920][  0]LogConfig: Setting CVar [[r.HairStrands.VisibilityPPLL:0]]
[2020.11.28-09.26.56:920][  0]LogConfig: Setting CVar [[r.HairStrands.RasterizationScale:0.5]]
[2020.11.28-09.26.56:920][  0]LogConfig: Setting CVar [[r.HairStrands.VelocityRasterizationScale:1]]
[2020.11.28-09.26.56:920][  0]LogConfig: Applying CVar settings from Section [Startup] File [../../../Engine/Config/ConsoleVariables.ini]
[2020.11.28-09.26.56:928][  0]LogConfig: Setting CVar [[net.UseAdaptiveNetUpdateFrequency:0]]
[2020.11.28-09.26.56:928][  0]LogConfig: Setting CVar [[p.chaos.AllowCreatePhysxBodies:1]]
[2020.11.28-09.26.56:928][  0]LogConfig: Setting CVar [[fx.SkipVectorVMBackendOptimizations:1]]
[2020.11.28-09.26.56:928][  0]LogConfig: Applying CVar settings from Section [ConsoleVariables] File [Q:/unrealhorror-01/UnrealHorrorGame/NewHorroGame/Saved/Config/Windows/Engine.ini]
[2020.11.28-09.26.56:928][  0]LogInit: Computer: DESKTOP-H6I8SR5
[2020.11.28-09.26.56:928][  0]LogInit: User: Strat
[2020.11.28-09.26.56:928][  0]LogInit: CPU Page size=4096, Cores=6
[2020.11.28-09.26.56:928][  0]LogInit: High frequency timer resolution =10.000000 MHz
[2020.11.28-09.26.56:929][  0]LogMemory: Memory total: Physical=15.9GB (16GB approx)
[2020.11.28-09.26.56:929][  0]LogMemory: Platform Memory Stats for Windows
[2020.11.28-09.26.56:929][  0]LogMemory: Process Physical Memory: 115.16 MB used, 115.16 MB peak
[2020.11.28-09.26.56:929][  0]LogMemory: Process Virtual Memory: 97.04 MB used, 97.04 MB peak
[2020.11.28-09.26.56:929][  0]LogMemory: Physical Memory: 7812.20 MB used,  8503.51 MB free, 16315.71 MB total
[2020.11.28-09.26.56:929][  0]LogMemory: Virtual Memory: 5164.91 MB used,  134212560.00 MB free, 134217728.00 MB total
[2020.11.28-09.26.56:935][  0]LogWindows: WindowsPlatformFeatures enabled
[2020.11.28-09.26.57:248][  0]LogInit: Physics initialised using underlying interface: PhysX
[2020.11.28-09.26.57:249][  0]LogInit: Using OS detected language (el-GR).
[2020.11.28-09.26.57:249][  0]LogInit: Using OS detected locale (el-GR).
[2020.11.28-09.26.57:251][  0]LogTextLocalizationManager: No localization for 'el-GR' exists, so 'en' will be used for the language.
[2020.11.28-09.26.57:535][  0]LogInit: Setting process to per monitor DPI aware
[2020.11.28-09.26.57:667][  0]LogSlate: New Slate User Created.  User Index 0, Is Virtual User: 0
[2020.11.28-09.26.57:667][  0]LogSlate: Slate User Registered.  User Index 0, Is Virtual User: 0
[2020.11.28-09.27.01:560][  0]LogHMD: Failed to initialize OpenVR with code 110
[2020.11.28-09.27.01:560][  0]LogD3D11RHI: D3D11 min allowed feature level: 11_0
[2020.11.28-09.27.01:560][  0]LogD3D11RHI: D3D11 max allowed feature level: 11_0
[2020.11.28-09.27.01:560][  0]LogD3D11RHI: D3D11 adapters:
[2020.11.28-09.27.01:645][  0]LogD3D11RHI:    0. 'NVIDIA GeForce GTX 1050' (Feature Level 11_0)
[2020.11.28-09.27.01:645][  0]LogD3D11RHI:       1977/0/8157 MB DedicatedVideo/DedicatedSystem/SharedSystem, Outputs:1, VendorId:0x10de
[2020.11.28-09.27.01:648][  0]LogD3D11RHI:    1. 'Microsoft Basic Render Driver' (Feature Level 11_0)
[2020.11.28-09.27.01:648][  0]LogD3D11RHI:       0/0/8157 MB DedicatedVideo/DedicatedSystem/SharedSystem, Outputs:0, VendorId:0x1414
[2020.11.28-09.27.01:648][  0]LogD3D11RHI: Chosen D3D11 Adapter: 0
[2020.11.28-09.27.01:654][  0]LogD3D11RHI: Creating new Direct3DDevice
[2020.11.28-09.27.01:654][  0]LogD3D11RHI:     GPU DeviceId: 0x1c81 (for the marketing name, search the web for "GPU Device Id")
[2020.11.28-09.27.01:654][  0]LogWindows: EnumDisplayDevices:
[2020.11.28-09.27.01:655][  0]LogWindows:    0. 'NVIDIA GeForce GTX 1050' (P:1 D:1)
[2020.11.28-09.27.01:655][  0]LogWindows:    1. 'NVIDIA GeForce GTX 1050' (P:0 D:0)
[2020.11.28-09.27.01:655][  0]LogWindows:    2. 'NVIDIA GeForce GTX 1050' (P:0 D:0)
[2020.11.28-09.27.01:655][  0]LogWindows:    3. 'NVIDIA GeForce GTX 1050' (P:0 D:0)
[2020.11.28-09.27.01:655][  0]LogWindows: DebugString: FoundDriverCount:4 
[2020.11.28-09.27.01:656][  0]LogD3D11RHI:     Adapter Name: NVIDIA GeForce GTX 1050
[2020.11.28-09.27.01:656][  0]LogD3D11RHI:   Driver Version: 457.30 (internal:27.21.14.5730, unified:457.30)
[2020.11.28-09.27.01:656][  0]LogD3D11RHI:      Driver Date: 11-6-2020
[2020.11.28-09.27.01:656][  0]LogRHI: Texture pool is 1384 MB (70% of 1977 MB)
[2020.11.28-09.27.01:718][  0]LogD3D11RHI: RHI has support for 64 bit atomics
[2020.11.28-09.27.01:718][  0]LogD3D11RHI: Async texture creation enabled
[2020.11.28-09.27.01:718][  0]LogD3D11RHI: Array index from any shader is supported
[2020.11.28-09.27.01:759][  0]LogD3D11RHI: GPU Timing Frequency: 1000.000000 (Debug: 2 1)
[2020.11.28-09.27.02:108][  0]LogTargetPlatformManager: Display: Loaded TargetPlatform 'AllDesktop'
[2020.11.28-09.27.02:150][  0]LogTargetPlatformManager: Display: Loaded TargetPlatform 'Android'
[2020.11.28-09.27.02:150][  0]LogTargetPlatformManager: Display: Loaded TargetPlatform 'Android_ASTC'
[2020.11.28-09.27.02:150][  0]LogTargetPlatformManager: Display: Loaded TargetPlatform 'Android_DXT'
[2020.11.28-09.27.02:150][  0]LogTargetPlatformManager: Display: Loaded TargetPlatform 'Android_ETC2'
[2020.11.28-09.27.02:150][  0]LogTargetPlatformManager: Display: Loaded TargetPlatform 'AndroidClient'
[2020.11.28-09.27.02:150][  0]LogTargetPlatformManager: Display: Loaded TargetPlatform 'Android_ASTCClient'
[2020.11.28-09.27.02:150][  0]LogTargetPlatformManager: Display: Loaded TargetPlatform 'Android_DXTClient'
[2020.11.28-09.27.02:150][  0]LogTargetPlatformManager: Display: Loaded TargetPlatform 'Android_ETC2Client'
[2020.11.28-09.27.02:150][  0]LogTargetPlatformManager: Display: Loaded TargetPlatform 'Android_Multi'
[2020.11.28-09.27.02:150][  0]LogTargetPlatformManager: Display: Loaded TargetPlatform 'Android_MultiClient'
[2020.11.28-09.27.02:266][  0]LogTargetPlatformManager: Display: Loaded TargetPlatform 'IOSClient'
[2020.11.28-09.27.02:266][  0]LogTargetPlatformManager: Display: Loaded TargetPlatform 'IOS'
[2020.11.28-09.27.02:304][  0]LogTargetPlatformManager: Display: Loaded TargetPlatform 'Linux'
[2020.11.28-09.27.02:337][  0]LogTargetPlatformManager: Display: Loaded TargetPlatform 'LinuxNoEditor'
[2020.11.28-09.27.02:393][  0]LogTargetPlatformManager: Display: Loaded TargetPlatform 'LinuxClient'
[2020.11.28-09.27.02:428][  0]LogTargetPlatformManager: Display: Loaded TargetPlatform 'LinuxServer'
[2020.11.28-09.27.02:476][  0]LogTargetPlatformManager: Display: Loaded TargetPlatform 'LinuxAArch64NoEditor'
[2020.11.28-09.27.02:515][  0]LogTargetPlatformManager: Display: Loaded TargetPlatform 'LinuxAArch64Client'
[2020.11.28-09.27.02:553][  0]LogTargetPlatformManager: Display: Loaded TargetPlatform 'LinuxAArch64Server'
[2020.11.28-09.27.02:664][  0]LogTargetPlatformManager: Display: Loaded TargetPlatform 'Lumin'
[2020.11.28-09.27.02:664][  0]LogTargetPlatformManager: Display: Loaded TargetPlatform 'LuminClient'
[2020.11.28-09.27.02:696][  0]LogTargetPlatformManager: Display: Loaded TargetPlatform 'TVOSClient'
[2020.11.28-09.27.02:696][  0]LogTargetPlatformManager: Display: Loaded TargetPlatform 'TVOS'
[2020.11.28-09.27.02:724][  0]LogTargetPlatformManager: Display: Loaded TargetPlatform 'WindowsNoEditor'
[2020.11.28-09.27.02:758][  0]LogTargetPlatformManager: Display: Loaded TargetPlatform 'Windows'
[2020.11.28-09.27.02:783][  0]LogTargetPlatformManager: Display: Loaded TargetPlatform 'WindowsClient'
[2020.11.28-09.27.02:822][  0]LogTargetPlatformManager: Display: Loaded TargetPlatform 'WindowsServer'
[2020.11.28-09.27.02:822][  0]LogTargetPlatformManager: Display: Building Assets For Windows
[2020.11.28-09.27.02:950][  0]LogAudioDebug: Display: Lib vorbis DLL was dynamically loaded.
[2020.11.28-09.27.03:303][  0]LogShaderCompilers: Guid format shader working directory is -12 characters bigger than the processId version (../../../../unrealhorror-01/UnrealHorrorGame/NewHorroGame/Intermediate/Shaders/WorkingDirectory/11884/).
[2020.11.28-09.27.03:304][  0]LogShaderCompilers: Cleaned the shader compiler working directory 'C:/Users/Strat/AppData/Local/Temp/UnrealShaderWorkingDir/CBAB7D1143DDF631C22FFBB503D7DEEA/'.
[2020.11.28-09.27.03:304][  0]LogXGEController: Cannot use XGE Controller as Incredibuild is not installed on this machine.
[2020.11.28-09.27.03:304][  0]LogShaderCompilers: Cannot use XGE Shader Compiler as Incredibuild is not installed on this machine.
[2020.11.28-09.27.03:304][  0]LogShaderCompilers: Display: Using Local Shader Compiler.
[2020.11.28-09.27.07:551][  0]LogDerivedDataCache: Display: Max Cache Size: 512 MB
[2020.11.28-09.27.07:604][  0]LogDerivedDataCache: Loaded boot cache 0.05s 76MB C:/Users/Strat/AppData/Local/UnrealEngine/4.25/DerivedDataCache/Boot.ddc.
[2020.11.28-09.27.07:604][  0]LogDerivedDataCache: Display: Loaded Boot cache: C:/Users/Strat/AppData/Local/UnrealEngine/4.25/DerivedDataCache/Boot.ddc
[2020.11.28-09.27.07:604][  0]LogDerivedDataCache: FDerivedDataBackendGraph:  Pak pak cache file ../../../../unrealhorror-01/UnrealHorrorGame/NewHorroGame/DerivedDataCache/DDC.ddp not found, will not use a pak cache.
[2020.11.28-09.27.07:604][  0]LogDerivedDataCache: Unable to find inner node Pak for hierarchical cache Hierarchy.
[2020.11.28-09.27.07:604][  0]LogDerivedDataCache: FDerivedDataBackendGraph:  CompressedPak pak cache file ../../../../unrealhorror-01/UnrealHorrorGame/NewHorroGame/DerivedDataCache/Compressed.ddp not found, will not use a pak cache.
[2020.11.28-09.27.07:604][  0]LogDerivedDataCache: Unable to find inner node CompressedPak for hierarchical cache Hierarchy.
[2020.11.28-09.27.07:626][  0]LogDerivedDataCache: Display: Pak cache opened for reading ../../../Engine/DerivedDataCache/Compressed.ddp.
[2020.11.28-09.27.07:626][  0]LogDerivedDataCache: FDerivedDataBackendGraph:  EnterprisePak pak cache file ../../../Enterprise/DerivedDataCache/Compressed.ddp not found, will not use a pak cache.
[2020.11.28-09.27.07:626][  0]LogDerivedDataCache: Unable to find inner node EnterprisePak for hierarchical cache Hierarchy.
[2020.11.28-09.27.07:628][  0]LogDerivedDataCache: Using Local data cache path C:/Users/Strat/AppData/Local/UnrealEngine/Common/DerivedDataCache: Writable
[2020.11.28-09.27.07:628][  0]LogDerivedDataCache: Shared data cache path not found in *engine.ini, will not use an Shared cache.
[2020.11.28-09.27.07:628][  0]LogDerivedDataCache: Unable to find inner node Shared for hierarchical cache Hierarchy.
[2020.11.28-09.27.07:682][  0]LogSlate: Using FreeType 2.10.0
[2020.11.28-09.27.07:701][  0]LogSlate: SlateFontServices - WITH_FREETYPE: 1, WITH_HARFBUZZ: 1
[2020.11.28-09.27.07:764][  0]LogAssetRegistry: FAssetRegistry took 0.0035 seconds to start up
[2020.11.28-09.27.08:041][  0]LogInit: Selected Device Profile: [Windows]
[2020.11.28-09.27.08:465][  0]LogMeshReduction: Using QuadricMeshReduction for automatic static mesh reduction
[2020.11.28-09.27.08:465][  0]LogMeshReduction: Using SimplygonMeshReduction for automatic skeletal mesh reduction
[2020.11.28-09.27.08:465][  0]LogMeshReduction: Using ProxyLODMeshReduction for automatic mesh merging
[2020.11.28-09.27.08:465][  0]LogMeshReduction: No distributed automatic mesh merging module available
[2020.11.28-09.27.08:465][  0]LogMeshMerging: No distributed automatic mesh merging module available
[2020.11.28-09.27.08:537][  0]LogNetVersion: NewHorroGame 1.0.0, NetCL: 13144385, EngineNetVer: 14, GameNetVer: 0 (Checksum: 3480779267)
[2020.11.28-09.27.09:930][  0]LogAISub: UAISubsystem::UAISubsystem AISubsystem (000001A0A7C1F600), frame # 0
[2020.11.28-09.27.09:930][  0]LogAISub: UAISubsystem::UAISubsystem AIPerceptionSystem (000001A0A7C22AC0), frame # 0
[2020.11.28-09.27.09:931][  0]LogAISub: UAISubsystem::UAISubsystem EnvQueryManager (000001A0A7C79C00), frame # 0
[2020.11.28-09.27.10:278][  0]LogPackageLocalizationCache: Processed 19 localized package path(s) for 1 prioritized culture(s) in 0.322378 seconds
[2020.11.28-09.27.10:284][  0]LogUObjectArray: 15917 objects as part of root set at end of initial load.
[2020.11.28-09.27.10:284][  0]LogUObjectAllocator: 3965568 out of 0 bytes used by permanent object pool.
[2020.11.28-09.27.10:284][  0]LogUObjectArray: CloseDisregardForGC: 0/0 objects in disregard for GC pool
[2020.11.28-09.27.12:022][  0]LogTcpMessaging: Initializing TcpMessaging bridge
[2020.11.28-09.27.12:042][  0]LogUdpMessaging: Initializing bridge on interface 0.0.0.0:0 to multicast group 230.0.0.1:6666.
[2020.11.28-09.27.12:449][  0]SourceControl: Source control is disabled
[2020.11.28-09.27.12:449][  0]SourceControl: Source control is disabled
[2020.11.28-09.27.12:470][  0]SourceControl: Source control is disabled
[2020.11.28-09.27.12:489][  0]SourceControl: Source control is disabled
[2020.11.28-09.27.12:526][  0]SourceControl: Source control is disabled
[2020.11.28-09.27.13:732][  0]LogAndroidPermission: UAndroidPermissionCallbackProxy::GetInstance
[2020.11.28-09.27.13:845][  0]LogAudioCaptureCore: Display: No Audio Capture implementations found. Audio input will be silent.
[2020.11.28-09.27.13:846][  0]LogAudioCaptureCore: Display: No Audio Capture implementations found. Audio input will be silent.
[2020.11.28-09.27.14:052][  0]LogOcInput: OculusInput pre-init called
[2020.11.28-09.27.14:078][  0]LogWindows: Failed to load 'OVRPlugin.dll' (GetLastError=126)
[2020.11.28-09.27.14:078][  0]LogWindows: File 'OVRPlugin.dll' does not exist
[2020.11.28-09.27.14:293][  0]LogEngine: Initializing Engine...
[2020.11.28-09.27.14:294][  0]LogHMD: Failed to initialize OpenVR with code 110
[2020.11.28-09.27.14:294][  0]LogMagicLeap: Warning: VR disabled because ZI is not enabled.  To enable, in the editor, Edit -> Project Settings -> Plugins -> Magic Leap Plugin -> Enable Zero Iteration
[2020.11.28-09.27.14:295][  0]LogStats: UGameplayTagsManager::InitializeManager -  0.000 s
[2020.11.28-09.27.14:681][  0]LogInit: Initializing FReadOnlyCVARCache
[2020.11.28-09.27.14:705][  0]LogAIModule: Creating AISystem for world Untitled
[2020.11.28-09.27.14:705][  0]LogAISub: UAISubsystem::UAISubsystem EnvQueryManager (000001A0AE137C00), frame # 0
[2020.11.28-09.27.14:705][  0]LogAISub: UAISubsystem::UAISubsystem AIPerceptionSystem (000001A0AE17EFC0), frame # 0
[2020.11.28-09.27.14:710][  0]LogAudioMixer: Display: Audio Mixer Platform Settings:
[2020.11.28-09.27.14:710][  0]LogAudioMixer: Display: 	Sample Rate:						  48000
[2020.11.28-09.27.14:710][  0]LogAudioMixer: Display: 	Callback Buffer Frame Size Requested: 1024
[2020.11.28-09.27.14:710][  0]LogAudioMixer: Display: 	Callback Buffer Frame Size To Use:	  1024
[2020.11.28-09.27.14:710][  0]LogAudioMixer: Display: 	Number of buffers to queue:			  2
[2020.11.28-09.27.14:710][  0]LogAudioMixer: Display: 	Max Channels (voices):				  32
[2020.11.28-09.27.14:710][  0]LogAudioMixer: Display: 	Number of Async Source Workers:		  0
[2020.11.28-09.27.14:710][  0]LogAudio: Display: AudioDevice MaxSources: 32
[2020.11.28-09.27.14:710][  0]LogAudio: Display: Using built-in audio occlusion.
[2020.11.28-09.27.14:710][  0]LogAudioMixer: Display: Initializing audio mixer.
[2020.11.28-09.27.14:719][  0]LogAudioMixer: Display: 0: FrontLeft
[2020.11.28-09.27.14:719][  0]LogAudioMixer: Display: 1: FrontRight
[2020.11.28-09.27.14:753][  0]LogAudioMixer: Display: Using Audio Device Ηχεία (High Definition Audio Device)
[2020.11.28-09.27.14:754][  0]LogAudioMixer: Display: Initializing Sound Submixes...
[2020.11.28-09.27.14:757][  0]LogAudioMixer: Display: Creating Master Submix 'MasterSubmixDefault'
[2020.11.28-09.27.14:757][  0]LogAudioMixer: Display: Creating Master Submix 'MasterReverbSubmixDefault'
[2020.11.28-09.27.14:758][  0]LogAudioMixer: Display: Creating Master Submix 'MasterEQSubmixDefault'
[2020.11.28-09.27.14:760][  0]LogInit: FAudioDevice initialized.
[2020.11.28-09.27.14:760][  0]LogNetVersion: Set ProjectVersion to 1.0.0.0. Version Checksum will be recalculated on next use.
[2020.11.28-09.27.14:853][  0]LogDerivedDataCache: Saved boot cache 0.09s 76MB C:/Users/Strat/AppData/Local/UnrealEngine/4.25/DerivedDataCache/Boot.ddc.
[2020.11.28-09.27.14:858][  0]LogInit: Texture streaming: Enabled
[2020.11.28-09.27.14:878][  0]LogEngineSessionManager: EngineSessionManager initialized
[2020.11.28-09.27.14:878][  0]LogEditorSessionSummary: Verbose: Initializing EditorSessionSummaryWriter for editor session tracking
[2020.11.28-09.27.14:879][  0]LogEditorSessionSummary: EditorSessionSummaryWriter initialized
[2020.11.28-09.27.14:973][  0]LogInit: Transaction tracking system initialized
[2020.11.28-09.27.14:999][  0]BlueprintLog: New page: Editor Load
[2020.11.28-09.27.15:085][  0]LocalizationService: Localization service is disabled
[2020.11.28-09.27.15:369][  0]LogCook: Display: Max memory allowance for cook 16384mb min free memory 0mb
[2020.11.28-09.27.15:369][  0]LogCook: Display: Mobile HDR setting 1
[2020.11.28-09.27.15:533][  0]LogFileCache: Scanning file cache for directory 'Q:/unrealhorror-01/UnrealHorrorGame/NewHorroGame/Content/' took 0.01s
[2020.11.28-09.27.15:763][  0]SourceControl: Source control is disabled
[2020.11.28-09.27.15:945][  0]LogSlate: Took 0.000311 seconds to synchronously load lazily loaded font '../../../Engine/Content/Slate/Fonts/Roboto-Regular.ttf' (155K)
[2020.11.28-09.30.49:750][  0]LogSlate: Window 'Restore Packages' being destroyed
[2020.11.28-09.30.49:750][  0]LogWindowsTextInputMethodSystem: Display: IME system now deactivated.
[2020.11.28-09.30.49:853][  0]LogWindowsTextInputMethodSystem: Display: IME system now deactivated.
[2020.11.28-09.30.55:775][  0]LogSlate: Window 'Unable to Check Out From Source Control!' being destroyed
[2020.11.28-09.30.55:775][  0]LogWindowsTextInputMethodSystem: Display: IME system now deactivated.
[2020.11.28-09.30.55:779][  0]Message dialog closed, result: Ok, title: Unable to Check Out From Source Control!, text: The following assets could not be successfully checked out from source control:
/Game/FirstPersonBP/Maps/FirstPersonExampleMap
[2020.11.28-09.30.56:086][  0]LogWindowsTextInputMethodSystem: Display: IME system now deactivated.
[2020.11.28-09.30.56:087][  0]LogUnrealEdMisc: Loading editor; pre map load, took 243.585
[2020.11.28-09.30.56:088][  0]Cmd: MAP LOAD FILE="../../../../unrealhorror-01/UnrealHorrorGame/NewHorroGame/Content/FirstPersonBP/Maps/FirstPersonExampleMap.umap" TEMPLATE=0 SHOWPROGRESS=1 FEATURELEVEL=3
[2020.11.28-09.30.56:088][  0]LightingResults: New page: Lighting Build
[2020.11.28-09.30.56:089][  0]LogWorld: UWorld::CleanupWorld for Untitled, bSessionEnded=true, bCleanupResources=true
[2020.11.28-09.30.56:089][  0]LogSlate: InvalidateAllWidgets triggered.  All widgets were invalidated
[2020.11.28-09.30.56:089][  0]MapCheck: New page: Map Check
[2020.11.28-09.30.56:089][  0]LightingResults: New page: Lighting Build
[2020.11.28-09.30.56:105][  0]LogAISub: UAISubsystem::~UAISubsystem EnvQueryManager (000001A0AE137C00), frame # 0
[2020.11.28-09.30.56:105][  0]LogAISub: UAISubsystem::~UAISubsystem AIPerceptionSystem (000001A0AE17EFC0), frame # 0
[2020.11.28-09.30.56:105][  0]LogUObjectHash: Compacting FUObjectHashTables data took   0.74ms
[2020.11.28-09.31.10:707][  0]LogTexture: Display: Building textures: HQ_Lightmap0_5 (AutoDXT, 64X64)
[2020.11.28-09.31.10:707][  0]LogTexture: Display: Building textures: LQ_Lightmap_0_5 (DXT1, 64X64)
[2020.11.28-09.31.10:707][  0]LogTexture: Display: Building textures: LQ_Lightmap_0_2 (DXT1, 2048X2048)
[2020.11.28-09.31.10:707][  0]LogTexture: Display: Building textures: LQ_Lightmap_0_1 (DXT1, 2048X2048)
[2020.11.28-09.31.10:707][  0]LogTexture: Display: Building textures: LQ_Lightmap_0_3 (DXT1, 2048X2048)
[2020.11.28-09.31.10:707][  0]LogTexture: Display: Building textures: SkyOcclusion0_1 (AutoDXT, 2048X1024)
[2020.11.28-09.31.10:707][  0]LogTexture: Display: Building textures: HQ_Lightmap0_2 (AutoDXT, 2048X2048)
[2020.11.28-09.31.10:707][  0]LogTexture: Display: Building textures: HQ_Lightmap0_1 (AutoDXT, 2048X2048)
[2020.11.28-09.31.10:707][  0]LogTexture: Display: Building textures: SkyOcclusion0_2 (AutoDXT, 2048X1024)
[2020.11.28-09.31.10:707][  0]LogTexture: Display: Building textures: SkyOcclusion0_5 (AutoDXT, 64X32)
[2020.11.28-09.31.10:707][  0]LogTexture: Display: Building textures: SkyOcclusion0_3 (AutoDXT, 2048X1024)
[2020.11.28-09.31.10:707][  0]LogTexture: Display: Building textures: HQ_Lightmap0_3 (AutoDXT, 2048X2048)
[2020.11.28-09.31.10:707][  0]LogTexture: Display: Building textures: SkyOcclusion0_4 (AutoDXT, 2048X1024)
[2020.11.28-09.31.10:707][  0]LogTexture: Display: Building textures: LQ_Lightmap_0_4 (DXT1, 2048X2048)
[2020.11.28-09.31.10:707][  0]LogTexture: Display: Building textures: HQ_Lightmap0_4 (AutoDXT, 2048X2048)
[2020.11.28-09.31.10:980][  0]LogAIModule: Creating AISystem for world FirstPersonExampleMap
[2020.11.28-09.31.10:980][  0]LogAISub: UAISubsystem::UAISubsystem EnvQueryManager (000001A0C0AE9000), frame # 0
[2020.11.28-09.31.10:980][  0]LogAISub: UAISubsystem::UAISubsystem AIPerceptionSystem (000001A0C0AE2E80), frame # 0
[2020.11.28-09.31.11:300][  0]LogEditorServer: Finished looking for orphan Actors (0.000 secs)
[2020.11.28-09.31.11:324][  0]LogUObjectHash: Compacting FUObjectHashTables data took   1.12ms
[2020.11.28-09.31.11:327][  0]Cmd: MAP CHECKDEP NOCLEARLOG
[2020.11.28-09.31.11:327][  0]MapCheck: Map check complete: 0 Error(s), 0 Warning(s), took 0,192ms to complete.
[2020.11.28-09.31.11:328][  0]LogFileHelpers: Loading map 'FirstPersonExampleMap' took 15.240
[2020.11.28-09.31.11:356][  0]LogUnrealEdMisc: Total Editor Startup Time, took 258.854
[2020.11.28-09.31.11:905][  0]LogCollectionManager: Loaded 0 collections in 0.001160 seconds
[2020.11.28-09.31.12:327][  0]LogFileCache: Scanning file cache for directory 'Q:/unrealhorror-01/UnrealHorrorGame/NewHorroGame/Saved/Collections/' took 0.00s
[2020.11.28-09.31.12:327][  0]LogFileCache: Scanning file cache for directory 'Q:/unrealhorror-01/UnrealHorrorGame/NewHorroGame/Content/Developers/Strat/Collections/' took 0.00s
[2020.11.28-09.31.12:327][  0]LogFileCache: Scanning file cache for directory 'Q:/unrealhorror-01/UnrealHorrorGame/NewHorroGame/Content/Collections/' took 0.00s
[2020.11.28-09.31.12:327][  0]LogContentBrowser: Native class hierarchy populated in 0.0263 seconds. Added 3427 classes and 821 folders.
[2020.11.28-09.31.12:465][  0]LogContentBrowser: Native class hierarchy updated for 'WidgetCarousel' in 0.0003 seconds. Added 0 classes and 0 folders.
[2020.11.28-09.31.13:858][  0]LogContentBrowser: Native class hierarchy updated for 'AddContentDialog' in 0.0004 seconds. Added 0 classes and 0 folders.
[2020.11.28-09.31.14:199][  0]LogSlate: Updating window title bar state: overlay mode, drag disabled, window buttons hidden, title bar hidden
[2020.11.28-09.31.14:223][  0]LogSlate: Updating window title bar state: overlay mode, drag disabled, window buttons hidden, title bar hidden
[2020.11.28-09.31.14:230][  0]LogSlate: Updating window title bar state: overlay mode, drag disabled, window buttons hidden, title bar hidden
[2020.11.28-09.31.14:239][  0]LogSlate: Updating window title bar state: overlay mode, drag disabled, window buttons hidden, title bar hidden
[2020.11.28-09.31.15:156][  0]LogSlate: Took 0.025237 seconds to synchronously load lazily loaded font '../../../Engine/Content/Editor/Slate/Fonts/FontAwesome.ttf' (139K)
[2020.11.28-09.31.15:170][  0]LogSlate: Took 0.000367 seconds to synchronously load lazily loaded font '../../../Engine/Content/Slate/Fonts/Roboto-Bold.ttf' (160K)
[2020.11.28-09.31.15:282][  0]LogSlate: Took 0.024187 seconds to synchronously load lazily loaded font '../../../Engine/Content/Slate/Fonts/Roboto-Light.ttf' (167K)
[2020.11.28-09.31.15:671][  0]LogRenderer: Reallocating scene render targets to support 960x924 Format 10 NumSamples 1 (Frame:1).
[2020.11.28-09.31.16:043][  0]LogContentBrowser: Native class hierarchy updated for 'HierarchicalLODOutliner' in 0.0004 seconds. Added 0 classes and 0 folders.
[2020.11.28-09.31.16:043][  0]LogLoad: (Engine Initialization) Total time: 263.54 seconds
[2020.11.28-09.31.16:043][  0]LogLoad: (Engine Initialization) Total Blueprint compile time: 0.00 seconds
[2020.11.28-09.31.16:232][  0]LogAssetRegistry: Asset discovery search completed in 248.4687 seconds
[2020.11.28-09.31.16:236][  0]LogCollectionManager: Fixed up redirectors for 0 collections in 0.000003 seconds (updated 0 objects)
[2020.11.28-09.31.16:304][  0]LogContentStreaming: Texture pool size now 1000 MB
[2020.11.28-09.31.29:933][ 63]LogEditorViewport: Clicking on Actor (LMB): BP_Sky_Sphere_C (SkySphereBlueprint)
[2020.11.28-09.31.30:710][ 63]LogEditorViewport: Clicking on Actor (LMB): BP_Sky_Sphere_C (SkySphereBlueprint)
[2020.11.28-09.31.37:703][682]LogWindowsTextInputMethodSystem: Display: IME system now deactivated.
[2020.11.28-09.31.37:704][682]LogWindowsTextInputMethodSystem: Display: IME system now deactivated.
[2020.11.28-09.31.39:249][865]MapCheck: New page: Map Check
[2020.11.28-09.31.39:455][865]LightingResults: New page: Lighting Build - 28 Νοε 2020, 1:31:39 μ.μ.
[2020.11.28-09.31.39:741][865]LogSwarmInterface: [OpenConnection] Registering TCP channel ...
[2020.11.28-09.31.40:077][865]LogSwarmInterface: [OpenConnection] Connecting to agent ...
[2020.11.28-09.31.40:099][865]LogSwarmInterface: [TryOpenConnection] Testing the Agent
[2020.11.28-09.31.41:134][865]LogSwarmInterface: [TryOpenConnection] Opening Connection to Agent
[2020.11.28-09.31.41:134][865]LogSwarmInterface: [TryOpenConnection] Local Process ID is 11884
[2020.11.28-09.31.48:175][865]LogStaticLightingSystem: Running Lightmass w/ ImmediateImport mode ENABLED
[2020.11.28-09.31.48:175][865]LogStaticLightingSystem: Running Lightmass w/ ImmediateProcess mode ENABLED
[2020.11.28-09.31.48:175][865]LogStaticLightingSystem: Running Lightmass w/ Sorting mode ENABLED
[2020.11.28-09.31.48:175][865]LogStaticLightingSystem: Running Lightmass w/ Mapping paddings ENABLED
[2020.11.28-09.31.48:175][865]LogStaticLightingSystem: Running Lightmass w/ Mapping debug paddings DISABLED
[2020.11.28-09.31.48:450][865]LogEditorBuildUtils: Build time 0:09
[2020.11.28-09.31.48:982][869]LogUObjectHash: Compacting FUObjectHashTables data took   0.64ms
[2020.11.28-09.31.56:500][890]LightingResults: Warning: House_Walls_02 Object has overlapping UVs.
[2020.11.28-09.31.56:500][890]LightingResults: House_Walls_02 Lightmap UV are overlapping by 2.4%. Please adjust content - Enable Error Coloring to visualize.
[2020.11.28-09.31.56:823][891]LightingResults: Warning: House_Exterior_Main Object has overlapping UVs.
[2020.11.28-09.31.56:823][891]LightingResults: House_Exterior_Main Lightmap UV are overlapping by 1.7%. Please adjust content - Enable Error Coloring to visualize.
[2020.11.28-09.31.59:043][897]LightingResults: Warning: House_Walls_02 Object has overlapping UVs.
[2020.11.28-09.31.59:043][897]LightingResults: House_Walls_02 Lightmap UV are overlapping by 2.4%. Please adjust content - Enable Error Coloring to visualize.
[2020.11.28-09.32.13:800][939]LightingResults: Warning: House_Roof_Edge_Protector Object has wrapping UVs.
[2020.11.28-09.32.13:800][939]LightingResults: Warning: House_Roof_Edge_Protector Object has overlapping UVs.
[2020.11.28-09.32.13:800][939]LightingResults: House_Roof_Edge_Protector Lightmap UV are overlapping by 11.9%. Please adjust content - Enable Error Coloring to visualize.
[2020.11.28-09.32.14:180][940]LightingResults: Warning: House_Exterior_Main Object has overlapping UVs.
[2020.11.28-09.32.14:180][940]LightingResults: House_Exterior_Main Lightmap UV are overlapping by 1.7%. Please adjust content - Enable Error Coloring to visualize.
[2020.11.28-09.32.14:925][942]LightingResults: Warning: House_Crown_Molding_Ceiling_02 Object has overlapping UVs.
[2020.11.28-09.32.14:925][942]LightingResults: House_Crown_Molding_Ceiling_02 Lightmap UV are overlapping by 1.3%. Please adjust content - Enable Error Coloring to visualize.
[2020.11.28-09.32.15:211][943]Job is a success!
[2020.11.28-09.32.15:551][944]LogSlate: Took 0.000345 seconds to synchronously load lazily loaded font '../../../Engine/Content/Slate/Fonts/Roboto-Light.ttf' (167K)
[2020.11.28-09.32.15:720][944]LogVolumetricLightmapImport: Imported Volumetric Lightmap in 0.035s
[2020.11.28-09.32.15:720][944]LogVolumetricLightmapImport:      Indirection Texture 16x16x16 = 0.0Mb
[2020.11.28-09.32.15:720][944]LogVolumetricLightmapImport:      BrickData (all levels) 0.3Mb
[2020.11.28-09.32.15:720][944]LogVolumetricLightmapImport:      Bricks at depth
[2020.11.28-09.32.15:720][944]LogVolumetricLightmapImport:          0: 1.5% covering 100.0% of volume
[2020.11.28-09.32.15:720][944]LogVolumetricLightmapImport:          1: 5.9% covering 6.3% of volume
[2020.11.28-09.32.15:720][944]LogVolumetricLightmapImport:          2: 92.6% covering 1.5% of volume
[2020.11.28-09.32.15:720][944]LogVolumetricLightmapImport:      Bricks in each level
[2020.11.28-09.32.15:720][944]LogVolumetricLightmapImport:          FirstPersonExampleMap 			 68 bricks 	 100.0% (Persistent Level)
[2020.11.28-09.32.17:937][944]LogTexture: Display: Building textures: SkyOcclusion1_1 (AutoDXT, 2048X1024)
[2020.11.28-09.32.17:937][944]LogTexture: Display: Building textures: HQ_Lightmap1_1 (AutoDXT, 2048X2048)
[2020.11.28-09.32.17:937][944]LogTexture: Display: Building textures: LQ_Lightmap_1_1 (DXT1, 2048X2048)
[2020.11.28-09.32.17:937][944]LogTexture: Display: Building textures: SkyOcclusion1_2 (AutoDXT, 2048X1024)
[2020.11.28-09.32.17:937][944]LogTexture: Display: Building textures: HQ_Lightmap1_2 (AutoDXT, 2048X2048)
[2020.11.28-09.32.17:937][944]LogTexture: Display: Building textures: LQ_Lightmap_1_2 (DXT1, 2048X2048)
[2020.11.28-09.32.17:937][944]LogTexture: Display: Building textures: SkyOcclusion1_3 (AutoDXT, 2048X1024)
[2020.11.28-09.32.17:937][944]LogTexture: Display: Building textures: HQ_Lightmap1_3 (AutoDXT, 2048X2048)
[2020.11.28-09.32.17:937][944]LogTexture: Display: Building textures: LQ_Lightmap_1_3 (DXT1, 2048X2048)
[2020.11.28-09.32.17:937][944]LogTexture: Display: Building textures: SkyOcclusion1_4 (AutoDXT, 2048X1024)
[2020.11.28-09.32.17:937][944]LogTexture: Display: Building textures: HQ_Lightmap1_4 (AutoDXT, 2048X2048)
[2020.11.28-09.32.17:937][944]LogTexture: Display: Building textures: LQ_Lightmap_1_4 (DXT1, 2048X2048)
[2020.11.28-09.32.17:937][944]LogTexture: Display: Building textures: SkyOcclusion1_5 (AutoDXT, 128X64)
[2020.11.28-09.32.17:937][944]LogTexture: Display: Building textures: HQ_Lightmap1_5 (AutoDXT, 128X128)
[2020.11.28-09.32.17:937][944]LogTexture: Display: Building textures: LQ_Lightmap_1_5 (DXT1, 128X128)
[2020.11.28-09.32.17:937][944]LogTexture: Display: Building textures: SkyOcclusion0_6 (AutoDXT, 64X32)
[2020.11.28-09.32.17:937][944]LogTexture: Display: Building textures: HQ_Lightmap0_6 (AutoDXT, 64X64)
[2020.11.28-09.32.17:938][944]LogTexture: Display: Building textures: LQ_Lightmap_0_6 (DXT1, 64X64)
[2020.11.28-09.32.18:138][944]LogTexture: Display: Building textures: ShadowMapTexture2D_17 (G8, 64X64)
[2020.11.28-09.32.18:138][944]LogTexture: Display: Building textures: ShadowMapTexture2D_18 (G8, 32X32)
[2020.11.28-09.32.18:409][944]LogTexture: Display: Building textures: ShadowMapTexture2D_16 (G8, 1024X512)
[2020.11.28-09.32.18:409][944]LogTexture: Display: Building textures: ShadowMapTexture2D_12 (G8, 1024X1024)
[2020.11.28-09.32.18:409][944]LogTexture: Display: Building textures: ShadowMapTexture2D_14 (G8, 1024X1024)
[2020.11.28-09.32.18:409][944]LogTexture: Display: Building textures: ShadowMapTexture2D_13 (G8, 1024X1024)
[2020.11.28-09.32.18:409][944]LogTexture: Display: Building textures: ShadowMapTexture2D_15 (G8, 1024X1024)
[2020.11.28-09.32.18:409][944]LogTexture: Display: Building textures: ShadowMapTexture2D_11 (G8, 1024X1024)
[2020.11.28-09.32.18:409][944]LogTexture: Display: Building textures: ShadowMapTexture2D_9 (G8, 1024X1024)
[2020.11.28-09.32.18:409][944]LogTexture: Display: Building textures: ShadowMapTexture2D_10 (G8, 1024X1024)
[2020.11.28-09.32.18:506][944]Lightmass on DESKTOP-H6I8SR5: 28.7 sec total, 1.37 sec importing, 67 ms setup, 4.79 sec photons, 22.4 sec processing, 0 ms extra exporting [146/146 mappings]. Threads: 4:06 min total, 1:58 min processing.
[2020.11.28-09.32.18:514][944]LogStaticLightingSystem: FirstPersonExampleMap_BuiltData storing lightmap data for 146 meshes in 11 LightmapResourceClusters (13.3 Meshes per cluster).
[2020.11.28-09.32.18:536][944]LogUObjectHash: Compacting FUObjectHashTables data took   1.19ms
[2020.11.28-09.32.18:555][944]LogStaticLightingSystem: Illumination: 38.9 sec (1.83 sec encoding lightmaps, 471 ms encoding shadowmaps)
[2020.11.28-09.32.18:569][944]LogStaticLightingSystem: Lightmap texture memory:  42.7 MB (42.7 MB streaming, 0.0 MB non-streaming), 12 textures
[2020.11.28-09.32.18:569][944]LogStaticLightingSystem: Shadowmap texture memory: 10.0 MB (10.0 MB streaming, 0.0 MB non-streaming), 10 textures
[2020.11.28-09.32.23:217][944]DumpUnbuiltLightIteractions
[2020.11.28-09.32.23:217][944]Lights with unbuilt interactions: 0
[2020.11.28-09.32.23:217][944]
[2020.11.28-09.32.23:217][944]Primitives with unbuilt interactions: 0
[2020.11.28-09.32.23:365][944]LogSlate: Took 0.049028 seconds to synchronously load lazily loaded font '../../../Engine/Content/Slate/Fonts/DroidSansMono.ttf' (77K)
[2020.11.28-09.32.23:370][945]Cmd: MAP CHECK NOTIFYRESULTS
[2020.11.28-09.32.23:370][945]MapCheck: New page: FirstPersonExampleMap - 28 Νοε 2020, 1:32:23 μ.μ.
[2020.11.28-09.32.23:401][945]MapCheck: Map check complete: 0 Error(s), 0 Warning(s), took 31,611ms to complete.
[2020.11.28-09.34.31:306][604]LogSlate: Window 'Message Log' being destroyed
[2020.11.28-09.34.31:310][604]LogSlate: Window 'Message Log' being destroyed
